Vivado Simulator v2023.2
Copyright 1986-2022 Xilinx, Inc. All Rights Reserved.
Copyright 2022-2023 Advanced Micro Devices, Inc. All Rights Reserved.
Running: D:/Xilinx/Vivado/2023.2/bin/unwrapped/win64.o/xelab.exe --incr --debug typical --relax --mt 2 -L xil_defaultlib -L xilinx_vip -L unisims_ver -L unimacro_ver -L secureip -L xpm --snapshot NN_AXI_tb_behav xil_defaultlib.NN_AXI_tb xil_defaultlib.glbl -log elaborate.log 
Using 2 slave threads.
Starting static elaboration
Pass Through NonSizing Optimizer
Completed static elaboration
Starting simulation data flow analysis
Completed simulation data flow analysis
Time Resolution for simulation is 1ps
Compiling module xil_defaultlib.S_AXI_default
Compiling module xil_defaultlib.weight_bram(numOfWeight=13,neuro...
Compiling module xil_defaultlib.neuron(numOfWeight=13)
Compiling module xil_defaultlib.weight_bram(numOfWeight=13,neuro...
Compiling module xil_defaultlib.neuron(neuronNo=1,numOfWeight=13...
Compiling module xil_defaultlib.weight_bram(numOfWeight=13,neuro...
Compiling module xil_defaultlib.neuron(neuronNo=2,numOfWeight=13...
Compiling module xil_defaultlib.weight_bram(numOfWeight=13,neuro...
Compiling module xil_defaultlib.neuron(neuronNo=3,numOfWeight=13...
Compiling module xil_defaultlib.hidden_layer_1(numOfWeight=13)
Compiling module xil_defaultlib.weight_bram(numOfWeight=4,neuron...
Compiling module xil_defaultlib.neuron(layerNo=1,numOfWeight=4)
Compiling module xil_defaultlib.weight_bram(numOfWeight=4,neuron...
Compiling module xil_defaultlib.neuron(layerNo=1,neuronNo=1,numO...
Compiling module xil_defaultlib.weight_bram(numOfWeight=4,neuron...
Compiling module xil_defaultlib.neuron(layerNo=1,neuronNo=2,numO...
Compiling module xil_defaultlib.weight_bram(numOfWeight=4,neuron...
Compiling module xil_defaultlib.neuron(layerNo=1,neuronNo=3,numO...
Compiling module xil_defaultlib.hidden_layer_2
Compiling module xil_defaultlib.weight_bram(numOfWeight=4,neuron...
Compiling module xil_defaultlib.neuron(layerNo=2,numOfWeight=4)
Compiling module xil_defaultlib.weight_bram(numOfWeight=4,neuron...
Compiling module xil_defaultlib.neuron(layerNo=2,neuronNo=1,numO...
Compiling module xil_defaultlib.output_layer(weightIntWidth=16)
Compiling module xil_defaultlib.findOutputMax
Compiling module xil_defaultlib.NN_AXI
Compiling module xil_defaultlib.NN_AXI_tb
Compiling module xil_defaultlib.glbl
Built simulation snapshot NN_AXI_tb_behav
