
*** Running vivado
    with args -log design_1_xbar_7.vds -m64 -product Vivado -mode batch -messageDb vivado.pb -notrace -source design_1_xbar_7.tcl


ECHO is off.
ECHO is off.

****** Vivado v2023.2 (64-bit)
  **** SW Build 4029153 on Fri Oct 13 20:14:34 MDT 2023
  **** IP Build 4028589 on Sat Oct 14 00:45:43 MDT 2023
  **** SharedData Build 4025554 on Tue Oct 10 17:18:54 MDT 2023
    ** Copyright 1986-2022 Xilinx, Inc. All Rights Reserved.
    ** Copyright 2022-2023 Advanced Micro Devices, Inc. All Rights Reserved.

source design_1_xbar_7.tcl -notrace
create_project: Time (s): cpu = 00:00:06 ; elapsed = 00:00:06 . Memory (MB): peak = 490.625 ; gain = 180.766
INFO: [IP_Flow 19-6924] IPCACHE: Running cache check for IP inst: design_1_xbar_7
INFO: [IP_Flow 19-6922] IPCACHE: Exporting cached entry d2ce5fcef952807d to dir: D:/Graduation_Project/NIDS_ARTYZ7/NIDS_ARTYZ7.runs/design_1_xbar_7_synth_1
INFO: [IP_Flow 19-6928] IPCACHE: copied cached file d:/Graduation_Project/NIDS_ARTYZ7/NIDS_ARTYZ7.cache/ip/2023.2/d/2/d2ce5fcef952807d/design_1_xbar_7.dcp to D:/Graduation_Project/NIDS_ARTYZ7/NIDS_ARTYZ7.runs/design_1_xbar_7_synth_1/design_1_xbar_7.dcp.
INFO: [IP_Flow 19-6928] IPCACHE: copied cached file d:/Graduation_Project/NIDS_ARTYZ7/NIDS_ARTYZ7.cache/ip/2023.2/d/2/d2ce5fcef952807d/design_1_xbar_7_sim_netlist.v to D:/Graduation_Project/NIDS_ARTYZ7/NIDS_ARTYZ7.runs/design_1_xbar_7_synth_1/design_1_xbar_7_sim_netlist.v.
INFO: [IP_Flow 19-6928] IPCACHE: copied cached file d:/Graduation_Project/NIDS_ARTYZ7/NIDS_ARTYZ7.cache/ip/2023.2/d/2/d2ce5fcef952807d/design_1_xbar_7_sim_netlist.vhdl to D:/Graduation_Project/NIDS_ARTYZ7/NIDS_ARTYZ7.runs/design_1_xbar_7_synth_1/design_1_xbar_7_sim_netlist.vhdl.
INFO: [IP_Flow 19-6928] IPCACHE: copied cached file d:/Graduation_Project/NIDS_ARTYZ7/NIDS_ARTYZ7.cache/ip/2023.2/d/2/d2ce5fcef952807d/design_1_xbar_7_stub.v to D:/Graduation_Project/NIDS_ARTYZ7/NIDS_ARTYZ7.runs/design_1_xbar_7_synth_1/design_1_xbar_7_stub.v.
INFO: [IP_Flow 19-6928] IPCACHE: copied cached file d:/Graduation_Project/NIDS_ARTYZ7/NIDS_ARTYZ7.cache/ip/2023.2/d/2/d2ce5fcef952807d/design_1_xbar_7_stub.vhdl to D:/Graduation_Project/NIDS_ARTYZ7/NIDS_ARTYZ7.runs/design_1_xbar_7_synth_1/design_1_xbar_7_stub.vhdl.
INFO: [IP_Flow 19-4838] Using cached IP synthesis design for IP design_1_xbar_7, cache-ID = d2ce5fcef952807d.
INFO: [Common 17-206] Exiting Vivado at Thu May 30 21:20:40 2024...
