INFO: [VRFC 10-2263] Analyzing Verilog file "D:/Graduation_Project/NN_project/NN_project.srcs/sources_1/new/NN_AXI.v" into library xil_defaultlib
INFO: [VRFC 10-311] analyzing module NN_AXI
WARNING: [VRFC 10-2938] 'outLayer1' is already implicitly declared on line 148 [D:/Graduation_Project/NN_project/NN_project.srcs/sources_1/new/NN_AXI.v:152]
WARNING: [VRFC 10-2938] 'outLayer1Valid' is already implicitly declared on line 149 [D:/Graduation_Project/NN_project/NN_project.srcs/sources_1/new/NN_AXI.v:154]
WARNING: [VRFC 10-2938] 'outLayer2' is already implicitly declared on line 204 [D:/Graduation_Project/NN_project/NN_project.srcs/sources_1/new/NN_AXI.v:208]
WARNING: [VRFC 10-2938] 'outLayer2Valid' is already implicitly declared on line 205 [D:/Graduation_Project/NN_project/NN_project.srcs/sources_1/new/NN_AXI.v:210]
WARNING: [VRFC 10-2938] 'outLayer3' is already implicitly declared on line 260 [D:/Graduation_Project/NN_project/NN_project.srcs/sources_1/new/NN_AXI.v:264]
WARNING: [VRFC 10-2938] 'outLayer3Valid' is already implicitly declared on line 261 [D:/Graduation_Project/NN_project/NN_project.srcs/sources_1/new/NN_AXI.v:266]
INFO: [VRFC 10-2263] Analyzing Verilog file "D:/Graduation_Project/NN_project/NN_project.srcs/sources_1/new/S_AXI.v" into library xil_defaultlib
INFO: [VRFC 10-311] analyzing module S_AXI
INFO: [VRFC 10-2263] Analyzing Verilog file "D:/Graduation_Project/NN_project/NN_project.srcs/sources_1/new/findOutputMax.v" into library xil_defaultlib
INFO: [VRFC 10-311] analyzing module findOutputMax
INFO: [VRFC 10-2263] Analyzing Verilog file "D:/Graduation_Project/NN_project/NN_project.srcs/sources_1/new/hidden_layer_1.v" into library xil_defaultlib
INFO: [VRFC 10-311] analyzing module hidden_layer_1
INFO: [VRFC 10-2263] Analyzing Verilog file "D:/Graduation_Project/NN_project/NN_project.srcs/sources_1/new/hidden_layer_2.v" into library xil_defaultlib
INFO: [VRFC 10-311] analyzing module hidden_layer_2
INFO: [VRFC 10-2263] Analyzing Verilog file "D:/Graduation_Project/NN_project/NN_project.srcs/sources_1/new/neuron.v" into library xil_defaultlib
INFO: [VRFC 10-311] analyzing module neuron
INFO: [VRFC 10-2263] Analyzing Verilog file "D:/Graduation_Project/NN_project/NN_project.srcs/sources_1/new/output_layer.v" into library xil_defaultlib
INFO: [VRFC 10-311] analyzing module output_layer
INFO: [VRFC 10-2263] Analyzing Verilog file "D:/Graduation_Project/NN_project/NN_project.srcs/sources_1/new/weight_bram.v" into library xil_defaultlib
INFO: [VRFC 10-311] analyzing module weight_bram
INFO: [VRFC 10-2263] Analyzing Verilog file "D:/Graduation_Project/NN_project/NN_project.srcs/sim_2/new/NN_AXI_tb.v" into library xil_defaultlib
INFO: [VRFC 10-311] analyzing module NN_AXI_tb
